[2019-02-07 20:57:30] my_logger.INFO:  [] []
[2019-02-07 20:57:30] my_logger.INFO: Invalid address:  (From):  [] []
[2019-02-07 20:57:33] my_logger.INFO:  [] []
[2019-02-07 20:57:33] my_logger.INFO: Invalid address:  (From):  [] []
[2019-02-07 20:57:33] my_logger.INFO:  [] []
[2019-02-07 20:57:33] my_logger.INFO: Invalid address:  (From):  [] []
[2019-02-07 20:57:46] my_logger.INFO: Invalid address:  (From):  [] []
[2019-02-07 21:08:01] my_logger.INFO: Invalid address:  (From):  [] []
[2019-02-07 21:28:18] my_logger.INFO: Invalid address:  (From): aze [] []
[2019-02-07 21:28:27] my_logger.INFO: Invalid address:  (From): aze@gmail_com [] []
[2019-02-07 21:28:47] my_logger.INFO: Invalid address:  (From): aze@gmail_com [] []
[2019-02-07 21:30:04] my_logger.INFO: Invalid address:  (From): lololulu26@gmail_com [] []
[2019-02-07 21:33:23] my_logger.INFO: Invalid address:  (From):  [] []
[2019-02-07 21:33:36] my_logger.INFO: Invalid address:  (From):  [] []
[2019-02-07 21:33:42] my_logger.INFO: Invalid address:  (From):  [] []
[2019-02-08 09:50:22] my_logger.INFO: Invalid address:  (From):  [] []
[2019-02-08 09:50:36] my_logger.INFO: Message envoyé [] []
[2019-02-08 09:58:35] my_logger.INFO: Invalid address:  (From): zaeaze [] []
[2019-02-08 10:08:50] my_logger.INFO: Message envoyé [] []
[2019-02-08 10:10:55] my_logger.INFO: Message envoyé [] []
[2019-02-08 10:12:20] my_logger.INFO: Message body empty [] []
[2019-02-08 10:12:53] my_logger.INFO: Message body empty [] []
[2019-02-08 10:13:13] my_logger.INFO: Message body empty [] []
[2019-02-08 10:13:58] my_logger.INFO: Message envoyé [] []
[2019-02-08 10:14:27] my_logger.INFO: Message envoyé [] []
[2019-02-08 10:15:30] my_logger.INFO: You must provide at least one recipient email address. [] []
[2019-02-08 10:15:49] my_logger.INFO: You must provide at least one recipient email address. [] []
[2019-02-08 10:16:21] my_logger.INFO: Message envoyé [] []
[2019-02-08 10:16:38] my_logger.INFO: Message envoyé [] []
[2019-02-08 10:17:10] my_logger.INFO: Message envoyé [] []
[2019-02-08 10:17:24] my_logger.INFO: Message envoyé [] []
[2019-02-08 10:17:46] my_logger.INFO: You must provide at least one recipient email address. [] []
[2019-02-08 10:18:21] my_logger.INFO: Message envoyé [] []
[2019-02-08 10:19:10] my_logger.INFO: Message body empty [] []
[2019-02-08 10:19:31] my_logger.INFO: Message body empty [] []
[2019-02-08 10:20:06] my_logger.INFO: Message body empty [] []
[2019-02-08 10:20:17] my_logger.INFO: Message body empty [] []
[2019-02-08 10:20:46] my_logger.INFO: Message body empty [] []
[2019-02-08 10:21:01] my_logger.INFO: Message envoyé [] []
[2019-02-08 10:21:21] my_logger.INFO: Message envoyé [] []
[2019-02-08 10:22:02] my_logger.INFO: Message envoyé [] []
[2019-02-08 10:23:03] my_logger.INFO: Message envoyé [] []
[2019-02-08 10:23:24] my_logger.INFO: Message envoyé [] []
[2019-02-08 10:24:30] my_logger.INFO: Message envoyé [] []
[2019-02-08 10:25:05] my_logger.INFO: Message envoyé [] []
[2019-02-08 10:25:57] my_logger.INFO: Message envoyé [] []
[2019-02-08 10:26:17] my_logger.INFO: Message body empty [] []
[2019-02-08 10:26:39] my_logger.INFO: Message envoyé [] []
[2019-02-08 10:27:36] my_logger.INFO: Message envoyé [] []
[2019-02-08 10:27:55] my_logger.INFO: Message envoyé [] []
[2019-02-08 10:28:11] my_logger.INFO: Message envoyé [] []
[2019-02-08 10:28:21] my_logger.INFO: Message body empty [] []
[2019-02-08 10:28:21] my_logger.INFO: Message body empty [] []
[2019-02-08 10:28:21] my_logger.INFO: Message body empty [] []
[2019-02-08 10:28:21] my_logger.INFO: Message body empty [] []
[2019-02-08 10:28:22] my_logger.INFO: Message body empty [] []
[2019-02-08 10:28:47] my_logger.INFO: Message envoyé [] []
[2019-02-08 10:28:47] my_logger.INFO: Message envoyé [] []
[2019-02-08 10:28:48] my_logger.INFO: Message envoyé [] []
[2019-02-08 10:28:49] my_logger.INFO: Message envoyé [] []
